<?xml version="1.0" encoding="UTF-8" ?>
<testsuite tests="12" failures="0" name="com.qa.SolarSystemInformation.SolarSystemInformationTest" time="0.019" errors="0" skipped="0">
  <properties>
[...]
</properties>
  <testcase classname="com.qa.SolarSystemInformation.SolarSystemInformationTest" name="com.qa.SolarSystemInformation.SolarSystemInformationTest.test_4_subsequent_characters_after_first_2_letters_in_userId_are_digits_between_zero_and_nine" time="0.01"/>
  <testcase classname="com.qa.SolarSystemInformation.SolarSystemInformationTest" name="com.qa.SolarSystemInformation.SolarSystemInformationTest.test_initialiseAOCDetails_returns_astronomicalObjectClassificationCode_in_correct_format" time="0.006"/>
  <testcase classname="com.qa.SolarSystemInformation.SolarSystemInformationTest" name="com.qa.SolarSystemInformation.SolarSystemInformationTest.test_objectType_returns_valid_object" time="0"/>
  <testcase classname="com.qa.SolarSystemInformation.SolarSystemInformationTest" name="com.qa.SolarSystemInformation.SolarSystemInformationTest.test_exists_field_tells_us_that_ACO_does_exist" time="0"/>
  <testcase classname="com.qa.SolarSystemInformation.SolarSystemInformationTest" name="com.qa.SolarSystemInformation.SolarSystemInformationTest.test_AOC_returned_when_input_data_is_valid" time="0"/>
  <testcase classname="com.qa.SolarSystemInformation.SolarSystemInformationTest" name="com.qa.SolarSystemInformation.SolarSystemInformationTest.test_objectType_returns_invalid_object" time="0.001"/>
  <testcase classname="com.qa.SolarSystemInformation.SolarSystemInformationTest" name="com.qa.SolarSystemInformation.SolarSystemInformationTest.test_password_at_least_10_characters_in_length" time="0"/>
  <testcase classname="com.qa.SolarSystemInformation.SolarSystemInformationTest" name="com.qa.SolarSystemInformation.SolarSystemInformationTest.test_objectName_returns_name_of_object" time="0.001"/>
  <testcase classname="com.qa.SolarSystemInformation.SolarSystemInformationTest" name="com.qa.SolarSystemInformation.SolarSystemInformationTest.test_invalid_userId_displayed_upon_incorrect_userId_input" time="0"/>
  <testcase classname="com.qa.SolarSystemInformation.SolarSystemInformationTest" name="com.qa.SolarSystemInformation.SolarSystemInformationTest.test_first_two_characters_of_userId_are_upper_case_letters" time="0.001"/>
  <testcase classname="com.qa.SolarSystemInformation.SolarSystemInformationTest" name="com.qa.SolarSystemInformation.SolarSystemInformationTest.test_4_consecutive_zeros" time="0"/>
  <testcase classname="com.qa.SolarSystemInformation.SolarSystemInformationTest" name="com.qa.SolarSystemInformation.SolarSystemInformationTest.test_password_too_short" time="0"/>
</testsuite>